<?xml version="1.0" encoding="UTF-8"?>
<testsuite name="Computer Page Test"
           tests="5"
           failures="0"
           errors="0"
           skipped="0"
           time="15.641">
  <properties />
  
  
            <testcase name="verifyUserShouldNavigateToComputerPageSuccessfully" time="1.225" classname="com.nopcommerce.demo.testsuite.ComputerPageTest" />
                <testcase name="verifyUserShouldNavigateToDesktopsPageSuccessfully" time="2.287" classname="com.nopcommerce.demo.testsuite.ComputerPageTest" />
                <testcase name="verifyThatUserShouldBuildYourOwnComputerAndAddToCartSuccessfully" time="4.219" classname="com.nopcommerce.demo.testsuite.ComputerPageTest" />
                <testcase name="verifyThatUserShouldBuildYourOwnComputerAndAddToCartSuccessfully" time="4.353" classname="com.nopcommerce.demo.testsuite.ComputerPageTest" />
                <testcase name="verifyThatUserShouldBuildYourOwnComputerAndAddToCartSuccessfully" time="3.557" classname="com.nopcommerce.demo.testsuite.ComputerPageTest" />
      
</testsuite>
