<?xml version="1.0" encoding="UTF-8"?>
<testsuite name="Login Page Test"
           tests="4"
           failures="0"
           errors="0"
           skipped="0"
           time="8.538">
  <properties />
  
  
            <testcase name="verifyErrorMessageWithInvalidCredentials" time="1.042" classname="com.nopcommerce.demo.testsuite.LoginPageTest" />
                <testcase name="verifyThatUserShouldLogOutSuccessFully" time="4.280" classname="com.nopcommerce.demo.testsuite.LoginPageTest" />
                <testcase name="verifyUserShouldNavigateToLoginPage" time="0.680" classname="com.nopcommerce.demo.testsuite.LoginPageTest" />
                <testcase name="verifyThatUserShouldLogInSuccessFullyWithValidCredentials" time="2.536" classname="com.nopcommerce.demo.testsuite.LoginPageTest" />
      
</testsuite>
