<?xml version="1.0" encoding="UTF-8"?>
<testsuite name="Registration Page Test"
           tests="3"
           failures="0"
           errors="0"
           skipped="0"
           time="5.726">
  <properties />
  
  
            <testcase name="verifyUserShouldNavigateToRegisterPageSuccessfully" time="1.229" classname="com.nopcommerce.demo.testsuite.RegisterPageTest" />
                <testcase name="verifyThatFirstNameLastNameEmailPasswordAndConfirmPasswordFieldsAreMandatory" time="0.743" classname="com.nopcommerce.demo.testsuite.RegisterPageTest" />
                <testcase name="verifyThatUserShouldCreateAccountSuccessfully" time="3.754" classname="com.nopcommerce.demo.testsuite.RegisterPageTest" />
      
</testsuite>
