<?xml version="1.0" encoding="UTF-8"?>
<testsuite name="Registration Page Test"
           tests="3"
           failures="0"
           errors="0"
           skipped="0"
           time="5.447">
  <properties />
  
  
            <testcase name="verifyThatFirstNameLastNameEmailPasswordAndConfirmPasswordFieldsAreMandatory" time="0.837" classname="com.nopcommerce.demo.testsuite.RegisterPageTest" />
                <testcase name="verifyThatUserShouldCreateAccountSuccessfully" time="4.043" classname="com.nopcommerce.demo.testsuite.RegisterPageTest" />
                <testcase name="verifyUserShouldNavigateToRegisterPageSuccessfully" time="0.567" classname="com.nopcommerce.demo.testsuite.RegisterPageTest" />
      
</testsuite>
